<?xml version="1.0" encoding="UTF-8"?>
<testng-results ignored="0" total="1" passed="1" failed="0" skipped="0">
  <reporter-output>
  </reporter-output>
  <suite started-at="2021-06-28T18:59:50 IST" name="Default suite" finished-at="2021-06-28T18:59:50 IST" duration-ms="75">
    <groups>
    </groups>
    <test started-at="2021-06-28T18:59:50 IST" name="Default test" finished-at="2021-06-28T18:59:50 IST" duration-ms="75">
      <class name="streamproject.demo">
        <test-method signature="test1()[pri:0, instance:streamproject.demo@5552768b]" started-at="2021-06-28T18:59:50 IST" name="test1" finished-at="2021-06-28T18:59:50 IST" duration-ms="15" status="PASS">
          <reporter-output>
          </reporter-output>
        </test-method> <!-- test1 -->
      </class> <!-- streamproject.demo -->
    </test> <!-- Default test -->
  </suite> <!-- Default suite -->
</testng-results>
